

============================== 2023-02-12 05:11:41.887279 | 667c72dd-014c-43df-94f5-56bf893b0453 ==============================
[0m05:11:41.887279 [info ] [MainThread]: Running with dbt=1.4.1
[0m05:11:41.888954 [debug] [MainThread]: running dbt with arguments {'write_json': True, 'use_colors': True, 'printer_width': 80, 'version_check': True, 'partial_parse': True, 'static_parser': True, 'profiles_dir': '/Users/hectorsanchez/.dbt', 'send_anonymous_usage_stats': True, 'quiet': False, 'no_print': False, 'cache_selected_only': False, 'skip_profile_setup': False, 'which': 'init', 'indirect_selection': 'eager'}
[0m05:11:41.889176 [debug] [MainThread]: Tracking: tracking
[0m05:11:41.905228 [debug] [MainThread]: Sending event: {'category': 'dbt', 'action': 'invocation', 'label': 'start', 'context': [<snowplow_tracker.self_describing_json.SelfDescribingJson object at 0x7f7ddf30d3a0>, <snowplow_tracker.self_describing_json.SelfDescribingJson object at 0x7f7ddf3197c0>, <snowplow_tracker.self_describing_json.SelfDescribingJson object at 0x7f7ddf3190a0>]}
[0m05:11:41.906806 [info ] [MainThread]: Creating dbt configuration folder at /Users/hectorsanchez/.dbt
[0m05:11:55.760586 [debug] [MainThread]: Starter project path: /Users/hectorsanchez/Documents/DEVELOPMENT/DBT/cascade/venv/lib/python3.8/site-packages/dbt/include/starter_project
[0m05:15:19.805096 [info ] [MainThread]: Profile dbtlearn written to /Users/hectorsanchez/.dbt/profiles.yml using target's profile_template.yml and your supplied values. Run 'dbt debug' to validate the connection.
[0m05:15:19.805680 [info ] [MainThread]: 
Your new dbt project "dbtlearn" was created!

For more information on how to configure the profiles.yml file,
please consult the dbt documentation here:

  https://docs.getdbt.com/docs/configure-your-profile

One more thing:

Need help? Don't hesitate to reach out to us via GitHub issues or on Slack:

  https://community.getdbt.com/

Happy modeling!

[0m05:15:19.806105 [debug] [MainThread]: Sending event: {'category': 'dbt', 'action': 'invocation', 'label': 'end', 'context': [<snowplow_tracker.self_describing_json.SelfDescribingJson object at 0x7f7ddf2925b0>, <snowplow_tracker.self_describing_json.SelfDescribingJson object at 0x7f7ddf30dc10>, <snowplow_tracker.self_describing_json.SelfDescribingJson object at 0x7f7ddf3240a0>]}
[0m05:15:19.806495 [debug] [MainThread]: Flushing usage events


============================== 2023-02-12 07:19:40.098211 | 09ffdcf8-1923-460f-90dd-25bb0e6e331b ==============================
[0m07:19:40.098211 [info ] [MainThread]: Running with dbt=1.4.1
[0m07:19:40.100133 [debug] [MainThread]: running dbt with arguments {'write_json': True, 'use_colors': True, 'printer_width': 80, 'version_check': True, 'partial_parse': True, 'static_parser': True, 'profiles_dir': '/Users/hectorsanchez/.dbt', 'send_anonymous_usage_stats': True, 'quiet': False, 'no_print': False, 'cache_selected_only': False, 'config_dir': False, 'which': 'debug', 'indirect_selection': 'eager'}
[0m07:19:40.100479 [debug] [MainThread]: Tracking: tracking
[0m07:19:40.112547 [debug] [MainThread]: Sending event: {'category': 'dbt', 'action': 'invocation', 'label': 'start', 'context': [<snowplow_tracker.self_describing_json.SelfDescribingJson object at 0x7fc97b830220>, <snowplow_tracker.self_describing_json.SelfDescribingJson object at 0x7fc97b830a60>, <snowplow_tracker.self_describing_json.SelfDescribingJson object at 0x7fc97b8306d0>]}
[0m07:19:40.764299 [debug] [MainThread]: Executing "git --help"
[0m07:19:40.797803 [debug] [MainThread]: STDOUT: "b"usage: git [-v | --version] [-h | --help] [-C <path>] [-c <name>=<value>]\n           [--exec-path[=<path>]] [--html-path] [--man-path] [--info-path]\n           [-p | --paginate | -P | --no-pager] [--no-replace-objects] [--bare]\n           [--git-dir=<path>] [--work-tree=<path>] [--namespace=<name>]\n           [--super-prefix=<path>] [--config-env=<name>=<envvar>]\n           <command> [<args>]\n\nThese are common Git commands used in various situations:\n\nstart a working area (see also: git help tutorial)\n   clone     Clone a repository into a new directory\n   init      Create an empty Git repository or reinitialize an existing one\n\nwork on the current change (see also: git help everyday)\n   add       Add file contents to the index\n   mv        Move or rename a file, a directory, or a symlink\n   restore   Restore working tree files\n   rm        Remove files from the working tree and from the index\n\nexamine the history and state (see also: git help revisions)\n   bisect    Use binary search to find the commit that introduced a bug\n   diff      Show changes between commits, commit and working tree, etc\n   grep      Print lines matching a pattern\n   log       Show commit logs\n   show      Show various types of objects\n   status    Show the working tree status\n\ngrow, mark and tweak your common history\n   branch    List, create, or delete branches\n   commit    Record changes to the repository\n   merge     Join two or more development histories together\n   rebase    Reapply commits on top of another base tip\n   reset     Reset current HEAD to the specified state\n   switch    Switch branches\n   tag       Create, list, delete or verify a tag object signed with GPG\n\ncollaborate (see also: git help workflows)\n   fetch     Download objects and refs from another repository\n   pull      Fetch from and integrate with another repository or a local branch\n   push      Update remote refs along with associated objects\n\n'git help -a' and 'git help -g' list available subcommands and some\nconcept guides. See 'git help <command>' or 'git help <concept>'\nto read about a specific subcommand or concept.\nSee 'git help git' for an overview of the system.\n""
[0m07:19:40.798576 [debug] [MainThread]: STDERR: "b''"
[0m07:19:40.808994 [debug] [MainThread]: Acquiring new snowflake connection 'debug'
[0m07:19:40.810605 [debug] [MainThread]: Using snowflake connection "debug"
[0m07:19:40.811016 [debug] [MainThread]: On debug: select 1 as id
[0m07:19:40.811396 [debug] [MainThread]: Opening a new connection, currently in state init
[0m07:19:42.070586 [debug] [MainThread]: SQL status: SUCCESS 1 in 1 seconds
[0m07:19:42.072181 [debug] [MainThread]: On debug: Close
[0m07:19:42.210843 [debug] [MainThread]: Sending event: {'category': 'dbt', 'action': 'invocation', 'label': 'end', 'context': [<snowplow_tracker.self_describing_json.SelfDescribingJson object at 0x7fc97a6f0af0>, <snowplow_tracker.self_describing_json.SelfDescribingJson object at 0x7fc97a6f0310>, <snowplow_tracker.self_describing_json.SelfDescribingJson object at 0x7fc97a6f04f0>]}
[0m07:19:42.211488 [debug] [MainThread]: Flushing usage events
[0m07:19:42.520840 [debug] [MainThread]: Connection 'debug' was properly closed.


============================== 2023-02-12 07:36:49.991474 | 27ccff34-35af-44ff-bef7-b4361aca3e10 ==============================
[0m07:36:49.991474 [info ] [MainThread]: Running with dbt=1.4.1
[0m07:36:49.993304 [debug] [MainThread]: running dbt with arguments {'write_json': True, 'use_colors': True, 'printer_width': 80, 'version_check': True, 'partial_parse': True, 'static_parser': True, 'profiles_dir': '/Users/hectorsanchez/.dbt', 'send_anonymous_usage_stats': True, 'quiet': False, 'no_print': False, 'cache_selected_only': False, 'project_name': 'dbtlearn', 'skip_profile_setup': False, 'which': 'init', 'indirect_selection': 'eager'}
[0m07:36:49.993588 [debug] [MainThread]: Tracking: tracking
[0m07:36:50.004244 [debug] [MainThread]: Sending event: {'category': 'dbt', 'action': 'invocation', 'label': 'start', 'context': [<snowplow_tracker.self_describing_json.SelfDescribingJson object at 0x7fdb86830250>, <snowplow_tracker.self_describing_json.SelfDescribingJson object at 0x7fdb86830b80>, <snowplow_tracker.self_describing_json.SelfDescribingJson object at 0x7fdb86830850>]}
[0m07:36:50.006906 [info ] [MainThread]: A project called dbtlearn already exists here.
[0m07:36:50.007566 [debug] [MainThread]: Sending event: {'category': 'dbt', 'action': 'invocation', 'label': 'end', 'context': [<snowplow_tracker.self_describing_json.SelfDescribingJson object at 0x7fdb868304c0>, <snowplow_tracker.self_describing_json.SelfDescribingJson object at 0x7fdb86830850>, <snowplow_tracker.self_describing_json.SelfDescribingJson object at 0x7fdb86830a60>]}
[0m07:36:50.008004 [debug] [MainThread]: Flushing usage events


============================== 2023-02-12 07:37:27.631196 | c8f0d475-080d-4005-b5a8-cd00915c95c2 ==============================
[0m07:37:27.631196 [info ] [MainThread]: Running with dbt=1.4.1
[0m07:37:27.633082 [debug] [MainThread]: running dbt with arguments {'write_json': True, 'use_colors': True, 'printer_width': 80, 'version_check': True, 'partial_parse': True, 'static_parser': True, 'profiles_dir': '/Users/hectorsanchez/.dbt', 'send_anonymous_usage_stats': True, 'quiet': False, 'no_print': False, 'cache_selected_only': False, 'project_name': 'dbtlearn', 'skip_profile_setup': False, 'which': 'init', 'indirect_selection': 'eager'}
[0m07:37:27.633391 [debug] [MainThread]: Tracking: tracking
[0m07:37:27.645397 [debug] [MainThread]: Sending event: {'category': 'dbt', 'action': 'invocation', 'label': 'start', 'context': [<snowplow_tracker.self_describing_json.SelfDescribingJson object at 0x7f87af530250>, <snowplow_tracker.self_describing_json.SelfDescribingJson object at 0x7f87af50df40>, <snowplow_tracker.self_describing_json.SelfDescribingJson object at 0x7f87af50dca0>]}
[0m07:37:27.648035 [debug] [MainThread]: Starter project path: /Users/hectorsanchez/Documents/DEVELOPMENT/DBT/cascade/venv/lib/python3.8/site-packages/dbt/include/starter_project
[0m07:49:23.541685 [info ] [MainThread]: Profile dbtlearn written to /Users/hectorsanchez/.dbt/profiles.yml using target's profile_template.yml and your supplied values. Run 'dbt debug' to validate the connection.
[0m07:49:23.542738 [info ] [MainThread]: 
Your new dbt project "dbtlearn" was created!

For more information on how to configure the profiles.yml file,
please consult the dbt documentation here:

  https://docs.getdbt.com/docs/configure-your-profile

One more thing:

Need help? Don't hesitate to reach out to us via GitHub issues or on Slack:

  https://community.getdbt.com/

Happy modeling!

[0m07:49:23.543244 [debug] [MainThread]: Sending event: {'category': 'dbt', 'action': 'invocation', 'label': 'end', 'context': [<snowplow_tracker.self_describing_json.SelfDescribingJson object at 0x7f87af50d100>, <snowplow_tracker.self_describing_json.SelfDescribingJson object at 0x7f87af50dd60>, <snowplow_tracker.self_describing_json.SelfDescribingJson object at 0x7f87af50dc40>]}
[0m07:49:23.543790 [debug] [MainThread]: Flushing usage events


============================== 2023-02-15 06:19:02.897129 | 7b995c68-da70-4089-8599-f208e33a9059 ==============================
[0m06:19:02.897129 [info ] [MainThread]: Running with dbt=1.4.1
[0m06:19:02.899416 [debug] [MainThread]: running dbt with arguments {'write_json': True, 'use_colors': True, 'printer_width': 80, 'version_check': True, 'partial_parse': True, 'static_parser': True, 'profiles_dir': '/Users/hectorsanchez/.dbt', 'send_anonymous_usage_stats': True, 'quiet': False, 'no_print': False, 'cache_selected_only': False, 'project_name': 'dbtlearn', 'skip_profile_setup': False, 'which': 'init', 'indirect_selection': 'eager'}
[0m06:19:02.899802 [debug] [MainThread]: Tracking: tracking
[0m06:19:02.911306 [debug] [MainThread]: Sending event: {'category': 'dbt', 'action': 'invocation', 'label': 'start', 'context': [<snowplow_tracker.self_describing_json.SelfDescribingJson object at 0x7f8e98630250>, <snowplow_tracker.self_describing_json.SelfDescribingJson object at 0x7f8e98630b80>, <snowplow_tracker.self_describing_json.SelfDescribingJson object at 0x7f8e98630850>]}
[0m06:19:02.914578 [info ] [MainThread]: A project called dbtlearn already exists here.
[0m06:19:02.915148 [debug] [MainThread]: Sending event: {'category': 'dbt', 'action': 'invocation', 'label': 'end', 'context': [<snowplow_tracker.self_describing_json.SelfDescribingJson object at 0x7f8e986304c0>, <snowplow_tracker.self_describing_json.SelfDescribingJson object at 0x7f8e98630850>, <snowplow_tracker.self_describing_json.SelfDescribingJson object at 0x7f8e98630a60>]}
[0m06:19:02.915659 [debug] [MainThread]: Flushing usage events


============================== 2023-02-15 06:19:42.746989 | c3555ea7-3260-4b99-a903-f3b5b96f2f7a ==============================
[0m06:19:42.746989 [info ] [MainThread]: Running with dbt=1.4.1
[0m06:19:42.749118 [debug] [MainThread]: running dbt with arguments {'write_json': True, 'use_colors': True, 'printer_width': 80, 'version_check': True, 'partial_parse': True, 'static_parser': True, 'profiles_dir': '/Users/hectorsanchez/.dbt', 'send_anonymous_usage_stats': True, 'quiet': False, 'no_print': False, 'cache_selected_only': False, 'project_name': 'cascade_proj', 'skip_profile_setup': False, 'which': 'init', 'indirect_selection': 'eager'}
[0m06:19:42.749422 [debug] [MainThread]: Tracking: tracking
[0m06:19:42.760443 [debug] [MainThread]: Sending event: {'category': 'dbt', 'action': 'invocation', 'label': 'start', 'context': [<snowplow_tracker.self_describing_json.SelfDescribingJson object at 0x7f9fee7302b0>, <snowplow_tracker.self_describing_json.SelfDescribingJson object at 0x7f9fee730ac0>, <snowplow_tracker.self_describing_json.SelfDescribingJson object at 0x7f9fee7308b0>]}
[0m06:19:42.763094 [debug] [MainThread]: Starter project path: /Users/hectorsanchez/Documents/DEVELOPMENT/DBT/cascade/venv/lib/python3.8/site-packages/dbt/include/starter_project
[0m06:23:41.786143 [info ] [MainThread]: Profile cascade_proj written to /Users/hectorsanchez/.dbt/profiles.yml using target's profile_template.yml and your supplied values. Run 'dbt debug' to validate the connection.
[0m06:23:41.787063 [info ] [MainThread]: 
Your new dbt project "cascade_proj" was created!

For more information on how to configure the profiles.yml file,
please consult the dbt documentation here:

  https://docs.getdbt.com/docs/configure-your-profile

One more thing:

Need help? Don't hesitate to reach out to us via GitHub issues or on Slack:

  https://community.getdbt.com/

Happy modeling!

[0m06:23:41.787557 [debug] [MainThread]: Sending event: {'category': 'dbt', 'action': 'invocation', 'label': 'end', 'context': [<snowplow_tracker.self_describing_json.SelfDescribingJson object at 0x7f9fee7307c0>, <snowplow_tracker.self_describing_json.SelfDescribingJson object at 0x7f9fee7308b0>, <snowplow_tracker.self_describing_json.SelfDescribingJson object at 0x7f9fee7302b0>]}
[0m06:23:41.787986 [debug] [MainThread]: Flushing usage events


============================== 2023-02-15 07:09:42.671178 | f52b63d8-f536-4780-ba23-ba6947cf8f12 ==============================
[0m07:09:42.671178 [info ] [MainThread]: Running with dbt=1.4.1
[0m07:09:42.672660 [debug] [MainThread]: running dbt with arguments {'write_json': True, 'use_colors': True, 'printer_width': 80, 'version_check': True, 'partial_parse': True, 'static_parser': True, 'profiles_dir': '/Users/hectorsanchez/.dbt', 'send_anonymous_usage_stats': True, 'quiet': False, 'no_print': False, 'cache_selected_only': False, 'project_name': 'cascade_proj', 'skip_profile_setup': False, 'which': 'init', 'indirect_selection': 'eager'}
[0m07:09:42.672921 [debug] [MainThread]: Tracking: tracking
[0m07:09:42.680855 [debug] [MainThread]: Sending event: {'category': 'dbt', 'action': 'invocation', 'label': 'start', 'context': [<snowplow_tracker.self_describing_json.SelfDescribingJson object at 0x7fbe6a4301c0>, <snowplow_tracker.self_describing_json.SelfDescribingJson object at 0x7fbe6a430af0>, <snowplow_tracker.self_describing_json.SelfDescribingJson object at 0x7fbe6a4307c0>]}
[0m07:09:42.682950 [debug] [MainThread]: Starter project path: /Users/hectorsanchez/Documents/DEVELOPMENT/DBT/cascade/venv/lib/python3.8/site-packages/dbt/include/starter_project
[0m07:12:40.700843 [info ] [MainThread]: Profile cascade_proj written to /Users/hectorsanchez/.dbt/profiles.yml using target's profile_template.yml and your supplied values. Run 'dbt debug' to validate the connection.
[0m07:12:40.701594 [info ] [MainThread]: 
Your new dbt project "cascade_proj" was created!

For more information on how to configure the profiles.yml file,
please consult the dbt documentation here:

  https://docs.getdbt.com/docs/configure-your-profile

One more thing:

Need help? Don't hesitate to reach out to us via GitHub issues or on Slack:

  https://community.getdbt.com/

Happy modeling!

[0m07:12:40.702094 [debug] [MainThread]: Sending event: {'category': 'dbt', 'action': 'invocation', 'label': 'end', 'context': [<snowplow_tracker.self_describing_json.SelfDescribingJson object at 0x7fbe6a430400>, <snowplow_tracker.self_describing_json.SelfDescribingJson object at 0x7fbe6a4307f0>, <snowplow_tracker.self_describing_json.SelfDescribingJson object at 0x7fbe6a4307c0>]}
[0m07:12:40.702496 [debug] [MainThread]: Flushing usage events
